MISMATCH: "%macro isr_err_stub 1"
isr_stub_%+%1: 
    call exception_handler
    iret
MISMATCH: "%endmacro"
MISMATCH: "; if writing for 64-bit, use iretq instead"
MISMATCH: "%macro isr_no_err_stub 1"
isr_stub_%+%1: 
    call exception_handler
    iret
MISMATCH: "%endmacro"


MISMATCH: "extern exception_handler"
MISMATCH: "isr_no_err_stub 0"
MISMATCH: "isr_no_err_stub 1"
MISMATCH: "isr_no_err_stub 2"
MISMATCH: "isr_no_err_stub 3"
MISMATCH: "isr_no_err_stub 4"
MISMATCH: "isr_no_err_stub 5"
MISMATCH: "isr_no_err_stub 6"
MISMATCH: "isr_no_err_stub 7"
MISMATCH: "isr_err_stub    8"
MISMATCH: "isr_no_err_stub 9"
MISMATCH: "isr_err_stub    10"
MISMATCH: "isr_err_stub    11"
MISMATCH: "isr_err_stub    12"
MISMATCH: "isr_err_stub    13"
MISMATCH: "isr_err_stub    14"
MISMATCH: "isr_no_err_stub 15"
MISMATCH: "isr_no_err_stub 16"
MISMATCH: "isr_err_stub    17"
MISMATCH: "isr_no_err_stub 18"
MISMATCH: "isr_no_err_stub 19"
MISMATCH: "isr_no_err_stub 20"
MISMATCH: "isr_no_err_stub 21"
MISMATCH: "isr_no_err_stub 22"
MISMATCH: "isr_no_err_stub 23"
MISMATCH: "isr_no_err_stub 24"
MISMATCH: "isr_no_err_stub 25"
MISMATCH: "isr_no_err_stub 26"
MISMATCH: "isr_no_err_stub 27"
MISMATCH: "isr_no_err_stub 28"
MISMATCH: "isr_no_err_stub 29"
MISMATCH: "isr_err_stub    30"
MISMATCH: "isr_no_err_stub 31"


MISMATCH: "global isr_stub_table"
isr_stub_table: 
MISMATCH: "%assign i 0 "
MISMATCH: "%rep    32 "
MISMATCH: "    dd isr_stub_%+i ; use DQ instead if targeting 64-bit"
MISMATCH: "%assign i i+1 "
MISMATCH: "%endrep"
